
[16:46:50 UTC] [SUCCESS] {"required_plugins":{"active":[],"inactive":[],"notinstalled":[]},"third_party_required_plugins":[],"update_avilable_plugins":[],"incompatible_plugins":[],"error":false} | Context: {"required_plugins":{"active":[],"inactive":[],"notinstalled":[]},"third_party_required_plugins":[],"update_avilable_plugins":[],"incompatible_plugins":[],"error":false}
[16:46:54 UTC] [INFO] Starting Elementor page import for post ID: 37197
[16:46:54 UTC] [INFO] Updating WPForms IDs in Elementor page - Total mappings: 2
[16:47:08 UTC] [SUCCESS] Elementor page imported successfully for post ID: 37197
[15:00:17 UTC] [INFO] Checking if plugin directory clearing is needed
[20:34:22 UTC] [SUCCESS] {"required_plugins":{"active":[],"inactive":[],"notinstalled":[]},"third_party_required_plugins":[],"update_avilable_plugins":[],"incompatible_plugins":[],"error":false} | Context: {"required_plugins":{"active":[],"inactive":[],"notinstalled":[]},"third_party_required_plugins":[],"update_avilable_plugins":[],"incompatible_plugins":[],"error":false}
[20:35:18 UTC] [SUCCESS] {"required_plugins":{"active":[],"inactive":[],"notinstalled":[]},"third_party_required_plugins":[],"update_avilable_plugins":[],"incompatible_plugins":[],"error":false} | Context: {"required_plugins":{"active":[],"inactive":[],"notinstalled":[]},"third_party_required_plugins":[],"update_avilable_plugins":[],"incompatible_plugins":[],"error":false}
[20:35:30 UTC] [SUCCESS] {"required_plugins":{"active":[],"inactive":[],"notinstalled":[]},"third_party_required_plugins":[],"update_avilable_plugins":[],"incompatible_plugins":[],"error":false} | Context: {"required_plugins":{"active":[],"inactive":[],"notinstalled":[]},"third_party_required_plugins":[],"update_avilable_plugins":[],"incompatible_plugins":[],"error":false}
[20:37:11 UTC] [SUCCESS] {"required_plugins":{"active":[],"inactive":[],"notinstalled":[]},"third_party_required_plugins":[],"update_avilable_plugins":[],"incompatible_plugins":[],"error":false} | Context: {"required_plugins":{"active":[],"inactive":[],"notinstalled":[]},"third_party_required_plugins":[],"update_avilable_plugins":[],"incompatible_plugins":[],"error":false}
[20:41:16 UTC] [SUCCESS] {"required_plugins":{"active":[],"inactive":[],"notinstalled":[]},"third_party_required_plugins":[],"update_avilable_plugins":[],"incompatible_plugins":[],"error":false} | Context: {"required_plugins":{"active":[],"inactive":[],"notinstalled":[]},"third_party_required_plugins":[],"update_avilable_plugins":[],"incompatible_plugins":[],"error":false}
[20:49:41 UTC] [SUCCESS] {"required_plugins":{"active":[],"inactive":[],"notinstalled":[]},"third_party_required_plugins":[],"update_avilable_plugins":[],"incompatible_plugins":[],"error":false} | Context: {"required_plugins":{"active":[],"inactive":[],"notinstalled":[]},"third_party_required_plugins":[],"update_avilable_plugins":[],"incompatible_plugins":[],"error":false}
[20:50:25 UTC] [SUCCESS] {"required_plugins":{"active":[],"inactive":[],"notinstalled":[]},"third_party_required_plugins":[],"update_avilable_plugins":[],"incompatible_plugins":[],"error":false} | Context: {"required_plugins":{"active":[],"inactive":[],"notinstalled":[]},"third_party_required_plugins":[],"update_avilable_plugins":[],"incompatible_plugins":[],"error":false}
[20:50:30 UTC] [INFO] Starting Elementor page import for post ID: 52673
[20:50:30 UTC] [INFO] Updating WPForms IDs in Elementor page - Total mappings: 2
[20:50:32 UTC] [SUCCESS] Elementor page imported successfully for post ID: 52673
[13:56:22 UTC] [SUCCESS] {"required_plugins":{"active":[],"inactive":[],"notinstalled":[]},"third_party_required_plugins":[],"update_avilable_plugins":[],"incompatible_plugins":[],"error":false} | Context: {"required_plugins":{"active":[],"inactive":[],"notinstalled":[]},"third_party_required_plugins":[],"update_avilable_plugins":[],"incompatible_plugins":[],"error":false}
[13:56:36 UTC] [INFO] Starting Elementor page import for post ID: 37898
[13:56:36 UTC] [INFO] Updating WPForms IDs in Elementor page - Total mappings: 2
[13:56:40 UTC] [SUCCESS] Elementor page imported successfully for post ID: 37898
[16:01:56 UTC] [INFO] Checking if plugin directory clearing is needed
[16:02:08 UTC] [INFO] Checking if plugin directory clearing is needed
[18:53:21 UTC] [INFO] Checking if plugin directory clearing is needed
[18:57:57 UTC] [INFO] Checking if plugin directory clearing is needed
[20:57:26 UTC] [SUCCESS] {"required_plugins":{"active":[],"inactive":[],"notinstalled":[]},"third_party_required_plugins":[],"update_avilable_plugins":[],"incompatible_plugins":[],"error":false} | Context: {"required_plugins":{"active":[],"inactive":[],"notinstalled":[]},"third_party_required_plugins":[],"update_avilable_plugins":[],"incompatible_plugins":[],"error":false}
[20:57:30 UTC] [INFO] Starting Elementor page import for post ID: 53933
[20:57:30 UTC] [INFO] Updating WPForms IDs in Elementor page - Total mappings: 2
[20:57:35 UTC] [SUCCESS] Elementor page imported successfully for post ID: 53933
[00:11:12 UTC] [SUCCESS] {"required_plugins":{"active":[],"inactive":[],"notinstalled":[]},"third_party_required_plugins":[],"update_avilable_plugins":[],"incompatible_plugins":[],"error":false} | Context: {"required_plugins":{"active":[],"inactive":[],"notinstalled":[]},"third_party_required_plugins":[],"update_avilable_plugins":[],"incompatible_plugins":[],"error":false}
[00:11:20 UTC] [INFO] Starting Elementor page import for post ID: 52523
[00:11:20 UTC] [INFO] Updating WPForms IDs in Elementor page - Total mappings: 2
[00:11:22 UTC] [SUCCESS] Elementor page imported successfully for post ID: 52523
[23:44:34 UTC] [INFO] Checking if plugin directory clearing is needed
[16:22:44 UTC] [INFO] Checking if plugin directory clearing is needed